<?xml version="1.0" encoding="UTF-8"?>
<!-- Generated by org.testng.reporters.JUnitReportReporter -->
<testsuite skipped="0" hostname="LAPTOP-JE8E2UQ9" name="testCases.TC_003_loginDDT" tests="4" failures="0" timestamp="2022-04-01T17:18:35 IST" time="49.661" errors="0">
  <testcase name="Test_ddt" time="13.919" classname="testCases.TC_003_loginDDT"/>
  <system-out/>
  <testcase name="Test_ddt" time="13.873" classname="testCases.TC_003_loginDDT"/>
  <system-out/>
  <testcase name="Test_ddt" time="7.939" classname="testCases.TC_003_loginDDT"/>
  <system-out/>
  <testcase name="Test_ddt" time="13.930" classname="testCases.TC_003_loginDDT"/>
  <system-out/>
</testsuite> <!-- testCases.TC_003_loginDDT -->
