<?xml version="1.0" encoding="UTF-8"?>
<!-- Generated by org.testng.reporters.JUnitReportReporter -->
<testsuite skipped="0" hostname="LAPTOP-JE8E2UQ9" name="testCases.TC_001_AccRegstration" tests="2" failures="0" timestamp="2022-04-05T05:30:07 IST" time="22.320" errors="0">
  <testcase name="test_Account_reg" time="12.287" classname="testCases.TC_001_AccRegstration"/>
  <system-out/>
  <testcase name="test_Account_reg" time="10.033" classname="testCases.TC_001_AccRegstration"/>
  <system-out/>
</testsuite> <!-- testCases.TC_001_AccRegstration -->
