<?xml version="1.0" encoding="UTF-8"?>
<!-- Generated by org.testng.reporters.JUnitReportReporter -->
<testsuite skipped="0" hostname="LAPTOP-JE8E2UQ9" name="testCases.TC_001_AccRegstration" tests="1" failures="0" timestamp="2022-05-09T12:02:30 IST" time="6.575" errors="0">
  <testcase name="test_Account_reg" time="6.575" classname="testCases.TC_001_AccRegstration"/>
  <system-out/>
</testsuite> <!-- testCases.TC_001_AccRegstration -->
