<?xml version="1.0" encoding="UTF-8"?>
<!-- Generated by org.testng.reporters.JUnitReportReporter -->
<testsuite skipped="0" hostname="LAPTOP-JE8E2UQ9" name="testCases.TC_002_Login" tests="1" failures="0" timestamp="2022-04-04T14:18:15 IST" time="6.630" errors="0">
  <testcase name="loginPage" time="6.630" classname="testCases.TC_002_Login"/>
  <system-out/>
</testsuite> <!-- testCases.TC_002_Login -->
