<?xml version="1.0" encoding="UTF-8"?>
<!-- Generated by org.testng.reporters.JUnitReportReporter -->
<testsuite skipped="0" hostname="LAPTOP-JE8E2UQ9" name="testCases.jenkinchecking" tests="1" failures="0" timestamp="2022-05-20T18:09:14 IST" time="9.976" errors="0">
  <testcase name="startBrowser" time="9.976" classname="testCases.jenkinchecking"/>
  <system-out/>
</testsuite> <!-- testCases.jenkinchecking -->
